<?xml version="1.0" encoding="UTF-8"?>
<!-- Generated by org.testng.reporters.JUnitReportReporter -->
<testsuite hostname="DESKTOP-K5S59DG" failures="0" tests="2" name="com.sakib.bd.TestNGExamples" time="0.009" errors="0" timestamp="2023-10-29T15:38:38 BDT" skipped="0">
  <testcase classname="com.sakib.bd.TestNGExamples" name="TestExample2" time="0.002"/>
  <testcase classname="com.sakib.bd.TestNGExamples" name="TestExample" time="0.007"/>
</testsuite> <!-- com.sakib.bd.TestNGExamples -->
