<?xml version="1.0" encoding="UTF-8"?>
<!-- Generated by org.testng.reporters.JUnitReportReporter -->
<testsuite hostname="DESKTOP-K5S59DG" failures="0" tests="1" name="com.sakib.bd.TabWindowHandling" time="21.927" errors="0" timestamp="14 Nov 2023 11:30:53 GMT" skipped="0">
  <testcase classname="com.sakib.bd.TabWindowHandling" name="tabwindowTest" time="21.927"/>
</testsuite> <!-- com.sakib.bd.TabWindowHandling -->
