<?xml version="1.0" encoding="UTF-8"?>
<!-- Generated by org.testng.reporters.JUnitReportReporter -->
<testsuite hostname="DESKTOP-K5S59DG" failures="0" tests="1" name="com.sakib.bd.IncognitoMode" time="23.681" errors="0" timestamp="2023-11-03T23:27:33 BDT" skipped="0">
  <testcase classname="com.sakib.bd.IncognitoMode" name="incognitomodeTest" time="23.681"/>
</testsuite> <!-- com.sakib.bd.IncognitoMode -->
