<?xml version="1.0" encoding="UTF-8"?>
<!-- Generated by org.testng.reporters.JUnitReportReporter -->
<testsuite hostname="DESKTOP-K5S59DG" failures="0" tests="1" name="com.sakib.bd.VisibilityExamples" time="7.115" errors="0" timestamp="2023-11-04T20:35:29 BDT" skipped="0">
  <testcase classname="com.sakib.bd.VisibilityExamples" name="visibilityTest" time="7.115"/>
</testsuite> <!-- com.sakib.bd.VisibilityExamples -->
