<?xml version="1.0" encoding="UTF-8"?>
<!-- Generated by org.testng.reporters.JUnitReportReporter -->
<testsuite hostname="DESKTOP-K5S59DG" failures="0" tests="1" name="com.sakib.bd.FirstAutomation" time="21.754" errors="0" timestamp="16 Nov 2023 18:43:39 GMT" skipped="0">
  <testcase classname="com.sakib.bd.FirstAutomation" name="openUrl" time="21.754"/>
</testsuite> <!-- com.sakib.bd.FirstAutomation -->
