<?xml version="1.0" encoding="UTF-8"?>
<!-- Generated by org.testng.reporters.JUnitReportReporter -->
<testsuite hostname="DESKTOP-K5S59DG" failures="0" tests="1" name="com.sakib.bd.BrowserCommandExamples" time="18.217" errors="0" timestamp="2023-11-01T20:43:23 BDT" skipped="0">
  <testcase classname="com.sakib.bd.BrowserCommandExamples" name="browserCommandTest" time="18.217"/>
</testsuite> <!-- com.sakib.bd.BrowserCommandExamples -->
