<?xml version="1.0" encoding="UTF-8"?>
<!-- Generated by org.testng.reporters.JUnitReportReporter -->
<testsuite hostname="DESKTOP-K5S59DG" failures="0" tests="1" name="com.sakib.bd.LocatorExamples" time="22.876" errors="0" timestamp="2023-10-30T03:43:53 BDT" skipped="0">
  <testcase classname="com.sakib.bd.LocatorExamples" name="locatorTest" time="22.876"/>
</testsuite> <!-- com.sakib.bd.LocatorExamples -->
