<?xml version="1.0" encoding="UTF-8"?>
<!-- Generated by org.testng.reporters.JUnitReportReporter -->
<testsuite hostname="DESKTOP-K5S59DG" failures="0" tests="1" name="com.sakib.bd.HoverExamples" time="28.899" errors="0" timestamp="14 Nov 2023 14:32:16 GMT" skipped="0">
  <testcase classname="com.sakib.bd.HoverExamples" name="hoverTest" time="28.899"/>
</testsuite> <!-- com.sakib.bd.HoverExamples -->
