<?xml version="1.0" encoding="UTF-8"?>
<!-- Generated by org.testng.reporters.JUnitReportReporter -->
<testsuite hostname="DESKTOP-K5S59DG" failures="0" tests="1" name="com.sakib.bd.ScrollExamples" time="21.427" errors="0" timestamp="22 Nov 2023 13:39:54 GMT" skipped="0">
  <testcase classname="com.sakib.bd.ScrollExamples" name="scrollTest" time="21.427"/>
</testsuite> <!-- com.sakib.bd.ScrollExamples -->
