<?xml version="1.0" encoding="UTF-8"?>
<!-- Generated by org.testng.reporters.JUnitReportReporter -->
<testsuite hostname="DESKTOP-K5S59DG" failures="0" tests="1" name="com.sakib.bd.CopyAndPaste" time="14.846" errors="0" timestamp="2023-11-02T20:19:43 BDT" skipped="0">
  <testcase classname="com.sakib.bd.CopyAndPaste" name="copyandpasteTest" time="14.846"/>
</testsuite> <!-- com.sakib.bd.CopyAndPaste -->
