<?xml version="1.0" encoding="UTF-8"?>
<!-- Generated by org.testng.reporters.JUnitReportReporter -->
<testsuite hostname="DESKTOP-K5S59DG" failures="0" tests="1" name="com.sakib.bd.IFrameHandiling" time="11.143" errors="0" timestamp="2023-11-03T00:24:57 BDT" skipped="0">
  <testcase classname="com.sakib.bd.IFrameHandiling" name="iframeTest" time="11.143"/>
</testsuite> <!-- com.sakib.bd.IFrameHandiling -->
