<?xml version="1.0" encoding="UTF-8"?>
<!-- Generated by org.testng.reporters.JUnitReportReporter -->
<testsuite hostname="DESKTOP-K5S59DG" failures="0" tests="1" name="com.sakib.bd.AlertExamples" time="29.940" errors="0" timestamp="2023-11-02T18:43:10 BDT" skipped="0">
  <testcase classname="com.sakib.bd.AlertExamples" name="alertTest" time="29.940"/>
</testsuite> <!-- com.sakib.bd.AlertExamples -->
