<?xml version="1.0" encoding="UTF-8"?>
<!-- Generated by org.testng.reporters.JUnitReportReporter -->
<testsuite hostname="DESKTOP-K5S59DG" failures="0" tests="1" name="com.sakib.bd.NavigateCommandExamples" time="53.582" errors="0" timestamp="2023-11-01T20:57:21 BDT" skipped="0">
  <testcase classname="com.sakib.bd.NavigateCommandExamples" name="navigateTest" time="53.582"/>
</testsuite> <!-- com.sakib.bd.NavigateCommandExamples -->
