<?xml version="1.0" encoding="UTF-8"?>
<!-- Generated by org.testng.reporters.JUnitReportReporter -->
<testsuite hostname="DESKTOP-K5S59DG" failures="0" tests="1" name="com.sakib.bd.TestNGExample" time="0.008" errors="0" timestamp="2023-10-29T15:10:32 BDT" skipped="0">
  <testcase classname="com.sakib.bd.TestNGExample" name="TestExample" time="0.008"/>
</testsuite> <!-- com.sakib.bd.TestNGExample -->
